mysql> describe findmefollow;
+----------------+--------------+------+-----+---------+-------+
| Field          | Type         | Null | Key | Default | Extra |
+----------------+--------------+------+-----+---------+-------+
| grpnum         | varchar(20)  | NO   | PRI | NULL    |       | 
| strategy       | varchar(50)  | NO   |     | NULL    |       | 
| grptime        | smallint(6)  | NO   |     | NULL    |       | 
| grppre         | varchar(100) | YES  |     | NULL    |       | 
| grplist        | varchar(255) | NO   |     | NULL    |       | 
| annmsg_id      | int(11)      | YES  |     | NULL    |       | 
| postdest       | varchar(255) | YES  |     | NULL    |       | 
| dring          | varchar(255) | YES  |     | NULL    |       | 
| remotealert_id | int(11)      | YES  |     | NULL    |       | 
| needsconf      | varchar(10)  | YES  |     | NULL    |       | 
| toolate_id     | int(11)      | YES  |     | NULL    |       | 
| pre_ring       | smallint(6)  | NO   |     | 0       |       | 
| ringing        | varchar(80)  | YES  |     | NULL    |       | 
+----------------+--------------+------+-----+---------+-------+
13 rows in set (0.00 sec)

mysql> select * from findmefollow;
+--------+-----------+---------+--------+---------------+-----------+--------------------+-------+----------------+-----------+------------+----------+---------+
| grpnum | strategy  | grptime | grppre | grplist       | annmsg_id | postdest           | dring | remotealert_id | needsconf | toolate_id | pre_ring | ringing |
+--------+-----------+---------+--------+---------------+-----------+--------------------+-------+----------------+-----------+------------+----------+---------+
| 106    | ringallv2 |      20 |        | 905312089995# |         0 | ext-local,106,dest |       |              0 |           |          0 |        0 | Ring    | 
+--------+-----------+---------+--------+---------------+-----------+--------------------+-------+----------------+-----------+------------+----------+---------+
1 row in set (0.00 sec)

mysql> select * from findmefollow;
+--------+-----------+---------+--------+-----------------------------+-----------+--------------------+-------+----------------+-----------+------------+----------+---------+
| grpnum | strategy  | grptime | grppre | grplist                     | annmsg_id | postdest           | dring | remotealert_id | needsconf | toolate_id | pre_ring | ringing |
+--------+-----------+---------+--------+-----------------------------+-----------+--------------------+-------+----------------+-----------+------------+----------+---------+
| 106    | ringallv2 |      20 |        | 905312089995#-905312089996# |         0 | ext-local,106,dest |       |              0 |           |          0 |        0 | Ring    | 
+--------+-----------+---------+--------+-----------------------------+-----------+--------------------+-------+----------------+-----------+------------+----------+---------+
1 row in set (0.00 sec)